1170
1105
1113
1136
1118
1108
1118
1106
1120
1117
1127
1141
1155
1123
1131
1124
1198
1093
1096
1139
1139
1099
1180
1113
1157
1115
1128
1138
1153
1133
1146
1101
1132
1112
1161
1145
1140
1115
1105
1165
1102
1150
1151
1090
1167
1144
1125
1139
1162
1121
1103
1128
1160
1101
1111
1131
1168
1142
1131
1128
1170
1137
1141
1171
1162
1154
1160
1170
1167
1161
1138
1098
1159
1148
1160
1101
1107
1158
1151
1136
1128
1112
1119
1130
1156
1123
1148
1162
1150
1131
1180
1152
1117
1104
1172
1174
1127
1143
1128
1127
