1125
1064
1069
1092
1074
1066
1077
1065
1073
1075
1084
1099
1111
1082
1089
1081
1141
1050
1053
1095
1092
1057
1134
1072
1113
1074
1084
1096
1109
1090
1101
1059
1089
1070
1113
1102
1098
1073
1061
1120
1058
1108
1106
1049
1122
1102
1078
1097
1118
1077
1060
1084
1117
1059
1064
1087
1122
1100
1089
1085
1128
1094
1091
1127
1115
1110
1112
1126
1122
1119
1096
1057
1113
1103
1114
1060
1065
1114
1110
1094
1085
1069
1077
1087
1106
1080
1100
1120
1105
1085
1131
1110
1074
1061
1124
1131
1084
1094
1086
1084
