2852
3126
3103
3123
3107
3113
2885
3070
3320
3140
3095
2877
2865
3056
3091
3065
2896
3048
2904
2881
3189
3105
3066
3187
3043
3457
3107
2878
3097
3067
3151
2883
3326
3373
2933
3134
3002
3195
2887
2901
2886
3149
2916
3101
2931
3707
2942
2889
3500
3096
2874
2926
2884
2865
2890
2900
3036
3067
3400
3079
3375
3083
2871
2919
3284
3030
3137
2890
2885
3101
3080
2876
3242
3132
2902
3001
3089
3116
3175
2902
3073
3452
2921
2993
2890
2906
2883
2871
3126
2879
3273
3255
3064
2884
3072
3035
2870
3410
2863
2800
